Arguments: 
  /usr/local/bin/node /usr/local/Cellar/yarn/1.22.10/libexec/bin/yarn.js add typescript 4.0.3

PATH: 
  /usr/local/bin:/usr/bin:/bin:/usr/sbin:/sbin

Yarn version: 
  1.22.10

Node version: 
  14.15.1

Platform: 
  darwin x64

Trace: 
  Error: http://registry.m.jd.com/4.0.3: Not found
      at Request.params.callback [as _callback] (/usr/local/Cellar/yarn/1.22.10/libexec/lib/cli.js:66988:18)
      at Request.self.callback (/usr/local/Cellar/yarn/1.22.10/libexec/lib/cli.js:140749:22)
      at Request.emit (events.js:315:20)
      at Request.<anonymous> (/usr/local/Cellar/yarn/1.22.10/libexec/lib/cli.js:141721:10)
      at Request.emit (events.js:315:20)
      at IncomingMessage.<anonymous> (/usr/local/Cellar/yarn/1.22.10/libexec/lib/cli.js:141643:12)
      at Object.onceWrapper (events.js:421:28)
      at IncomingMessage.emit (events.js:327:22)
      at endReadableNT (_stream_readable.js:1327:12)
      at processTicksAndRejections (internal/process/task_queues.js:80:21)

npm manifest: 
  {
    "name": "image_adjust",
    "version": "1.0.0",
    "description": "",
    "main": "rollup.config.js",
    "scripts": {
      "test": "echo \"Error: no test specified\" && exit 1",
      "build": "npx tsc"
    },
    "author": "",
    "license": "ISC",
    "dependencies": {
      "rollup-plugin-typescript2": "^0.30.0",
      "typescript": "^4.2.3"
    }
  }

yarn manifest: 
  No manifest

Lockfile: 
  # THIS IS AN AUTOGENERATED FILE. DO NOT EDIT THIS FILE DIRECTLY.
  # yarn lockfile v1
  
  
  "@rollup/pluginutils@^4.1.0":
    version "4.1.0"
    resolved "http://registry.m.jd.com/@rollup/pluginutils/download/@rollup/pluginutils-4.1.0.tgz#0dcc61c780e39257554feb7f77207dceca13c838"
    integrity sha1-Dcxhx4DjkldVT+t/dyB9zsoTyDg=
    dependencies:
      estree-walker "^2.0.1"
      picomatch "^2.2.2"
  
  commondir@^1.0.1:
    version "1.0.1"
    resolved "http://registry.m.jd.com/commondir/download/commondir-1.0.1.tgz#ddd800da0c66127393cca5950ea968a3aaf1253b"
    integrity sha1-3dgA2gxmEnOTzKWVDqloo6rxJTs=
  
  estree-walker@^2.0.1:
    version "2.0.2"
    resolved "http://registry.m.jd.com/estree-walker/download/estree-walker-2.0.2.tgz#52f010178c2a4c117a7757cfe942adb7d2da4cac"
    integrity sha1-UvAQF4wqTBF6d1fP6UKtt9LaTKw=
  
  find-cache-dir@^3.3.1:
    version "3.3.1"
    resolved "http://registry.m.jd.com/find-cache-dir/download/find-cache-dir-3.3.1.tgz#89b33fad4a4670daa94f855f7fbe31d6d84fe880"
    integrity sha1-ibM/rUpGcNqpT4Vff74x1thP6IA=
    dependencies:
      commondir "^1.0.1"
      make-dir "^3.0.2"
      pkg-dir "^4.1.0"
  
  find-up@^4.0.0:
    version "4.1.0"
    resolved "http://registry.m.jd.com/find-up/download/find-up-4.1.0.tgz#97afe7d6cdc0bc5928584b7c8d7b16e8a9aa5d19"
    integrity sha1-l6/n1s3AvFkoWEt8jXsW6KmqXRk=
    dependencies:
      locate-path "^5.0.0"
      path-exists "^4.0.0"
  
  fs-extra@8.1.0:
    version "8.1.0"
    resolved "http://registry.m.jd.com/fs-extra/download/fs-extra-8.1.0.tgz#49d43c45a88cd9677668cb7be1b46efdb8d2e1c0"
    integrity sha1-SdQ8RaiM2Wd2aMt74bRu/bjS4cA=
    dependencies:
      graceful-fs "^4.2.0"
      jsonfile "^4.0.0"
      universalify "^0.1.0"
  
  function-bind@^1.1.1:
    version "1.1.1"
    resolved "http://registry.m.jd.com/function-bind/download/function-bind-1.1.1.tgz#a56899d3ea3c9bab874bb9773b7c5ede92f4895d"
    integrity sha1-pWiZ0+o8m6uHS7l3O3xe3pL0iV0=
  
  graceful-fs@^4.1.6, graceful-fs@^4.2.0:
    version "4.2.6"
    resolved "http://registry.m.jd.com/graceful-fs/download/graceful-fs-4.2.6.tgz#ff040b2b0853b23c3d31027523706f1885d76bee"
    integrity sha1-/wQLKwhTsjw9MQJ1I3BvGIXXa+4=
  
  has@^1.0.3:
    version "1.0.3"
    resolved "http://registry.m.jd.com/has/download/has-1.0.3.tgz#722d7cbfc1f6aa8241f16dd814e011e1f41e8796"
    integrity sha1-ci18v8H2qoJB8W3YFOAR4fQeh5Y=
    dependencies:
      function-bind "^1.1.1"
  
  is-core-module@^2.2.0:
    version "2.2.0"
    resolved "http://registry.m.jd.com/is-core-module/download/is-core-module-2.2.0.tgz#97037ef3d52224d85163f5597b2b63d9afed981a"
    integrity sha1-lwN+89UiJNhRY/VZeytj2a/tmBo=
    dependencies:
      has "^1.0.3"
  
  jsonfile@^4.0.0:
    version "4.0.0"
    resolved "http://registry.m.jd.com/jsonfile/download/jsonfile-4.0.0.tgz#8771aae0799b64076b76640fca058f9c10e33ecb"
    integrity sha1-h3Gq4HmbZAdrdmQPygWPnBDjPss=
    optionalDependencies:
      graceful-fs "^4.1.6"
  
  locate-path@^5.0.0:
    version "5.0.0"
    resolved "http://registry.m.jd.com/locate-path/download/locate-path-5.0.0.tgz#1afba396afd676a6d42504d0a67a3a7eb9f62aa0"
    integrity sha1-Gvujlq/WdqbUJQTQpno6frn2KqA=
    dependencies:
      p-locate "^4.1.0"
  
  make-dir@^3.0.2:
    version "3.1.0"
    resolved "http://registry.m.jd.com/make-dir/download/make-dir-3.1.0.tgz#415e967046b3a7f1d185277d84aa58203726a13f"
    integrity sha1-QV6WcEazp/HRhSd9hKpYIDcmoT8=
    dependencies:
      semver "^6.0.0"
  
  p-limit@^2.2.0:
    version "2.3.0"
    resolved "http://registry.m.jd.com/p-limit/download/p-limit-2.3.0.tgz#3dd33c647a214fdfffd835933eb086da0dc21db1"
    integrity sha1-PdM8ZHohT9//2DWTPrCG2g3CHbE=
    dependencies:
      p-try "^2.0.0"
  
  p-locate@^4.1.0:
    version "4.1.0"
    resolved "http://registry.m.jd.com/p-locate/download/p-locate-4.1.0.tgz#a3428bb7088b3a60292f66919278b7c297ad4f07"
    integrity sha1-o0KLtwiLOmApL2aRkni3wpetTwc=
    dependencies:
      p-limit "^2.2.0"
  
  p-try@^2.0.0:
    version "2.2.0"
    resolved "http://registry.m.jd.com/p-try/download/p-try-2.2.0.tgz#cb2868540e313d61de58fafbe35ce9004d5540e6"
    integrity sha1-yyhoVA4xPWHeWPr741zpAE1VQOY=
  
  path-exists@^4.0.0:
    version "4.0.0"
    resolved "http://registry.m.jd.com/path-exists/download/path-exists-4.0.0.tgz#513bdbe2d3b95d7762e8c1137efa195c6c61b5b3"
    integrity sha1-UTvb4tO5XXdi6METfvoZXGxhtbM=
  
  path-parse@^1.0.6:
    version "1.0.6"
    resolved "http://registry.m.jd.com/path-parse/download/path-parse-1.0.6.tgz#d62dbb5679405d72c4737ec58600e9ddcf06d24c"
    integrity sha1-1i27VnlAXXLEc37FhgDp3c8G0kw=
  
  picomatch@^2.2.2:
    version "2.2.2"
    resolved "http://registry.m.jd.com/picomatch/download/picomatch-2.2.2.tgz#21f333e9b6b8eaff02468f5146ea406d345f4dad"
    integrity sha1-IfMz6ba46v8CRo9RRupAbTRfTa0=
  
  pkg-dir@^4.1.0:
    version "4.2.0"
    resolved "http://registry.m.jd.com/pkg-dir/download/pkg-dir-4.2.0.tgz#f099133df7ede422e81d1d8448270eeb3e4261f3"
    integrity sha1-8JkTPfft5CLoHR2ESCcO6z5CYfM=
    dependencies:
      find-up "^4.0.0"
  
  resolve@1.20.0:
    version "1.20.0"
    resolved "http://registry.m.jd.com/resolve/download/resolve-1.20.0.tgz#629a013fb3f70755d6f0b7935cc1c2c5378b1975"
    integrity sha1-YpoBP7P3B1XW8LeTXMHCxTeLGXU=
    dependencies:
      is-core-module "^2.2.0"
      path-parse "^1.0.6"
  
  rollup-plugin-typescript2@^0.30.0:
    version "0.30.0"
    resolved "http://registry.m.jd.com/rollup-plugin-typescript2/download/rollup-plugin-typescript2-0.30.0.tgz#1cc99ac2309bf4b9d0a3ebdbc2002aecd56083d3"
    integrity sha1-HMmawjCb9LnQo+vbwgAq7NVgg9M=
    dependencies:
      "@rollup/pluginutils" "^4.1.0"
      find-cache-dir "^3.3.1"
      fs-extra "8.1.0"
      resolve "1.20.0"
      tslib "2.1.0"
  
  semver@^6.0.0:
    version "6.3.0"
    resolved "http://registry.m.jd.com/semver/download/semver-6.3.0.tgz#ee0a64c8af5e8ceea67687b133761e1becbd1d3d"
    integrity sha1-7gpkyK9ejO6mdoexM3YeG+y9HT0=
  
  tslib@2.1.0:
    version "2.1.0"
    resolved "http://registry.m.jd.com/tslib/download/tslib-2.1.0.tgz#da60860f1c2ecaa5703ab7d39bc05b6bf988b97a"
    integrity sha1-2mCGDxwuyqVwOrfTm8Bba/mIuXo=
  
  typescript@^4.2.3:
    version "4.2.3"
    resolved "http://registry.m.jd.com/typescript/download/typescript-4.2.3.tgz#39062d8019912d43726298f09493d598048c1ce3"
    integrity sha1-OQYtgBmRLUNyYpjwlJPVmASMHOM=
  
  universalify@^0.1.0:
    version "0.1.2"
    resolved "http://registry.m.jd.com/universalify/download/universalify-0.1.2.tgz#b646f69be3942dabcecc9d6639c80dc105efaa66"
    integrity sha1-tkb2m+OULavOzJ1mOcgNwQXvqmY=
